<?xml version="1.0" encoding="UTF-8"?>
<testsuite name="packt.selenium.chap3_9.SearchGoogleTest" time="7.654" tests="1" errors="1" skipped="0" failures="0">
  <properties>
[...]
</properties>
  <testcase name="testGoogleSearch" classname="packt.selenium.chap3_9.SearchGoogleTest" time="7.654">
    <error message="Incorrect page for Google Search page" type="packt.selenium.chap3_9.pageobjects.WrongPageException"><![CDATA[packt.selenium.chap3_9.pageobjects.WrongPageException: Incorrect page for Google Search page
	at packt.selenium.chap3_9.pageobjects.GoogleSearchPage.<init>(GoogleSearchPage.java:15)
	at packt.selenium.chap3_9.pageobjects.Google.goToSearchPage(Google.java:29)
	at packt.selenium.chap3_9.SearchGoogleTest.testGoogleSearch(SearchGoogleTest.java:40)
]]></error>
    <system-out><![CDATA[Google
https://www.google.com/search?sclient=psy-ab&site=&source=hp&q=Mastering+Selenium+Testing+Tools&oq=Mastering+Selenium+Testing+Tools&gs_l=hp.12..0l3.576.726.0.939.32.2.0.0.0.0.204.400.0j1j1.2.0....0...1c.1.64.psy-ab..30.2.385...0i131k1.xIJToE4d16M&pbx=1&bav=on.2,or.&bvm=bv.141536425,d.c2I&biw=1301&bih=678&dpr=1&ech=1&psi=5oVSWNL1EciBvgTR56jYBg.1481803239012.3&ei=6IVSWNf1A5yavQTpoKTADA&emsg=NCSR&noj=1
]]></system-out>
    <system-err><![CDATA[Starting ChromeDriver 2.26.436382 (70eb799287ce4c2208441fc057053a5b07ceabac) on port 23282
Only local connections are allowed.
Dec 15, 2016 5:30:35 PM org.openqa.selenium.remote.ProtocolHandshake createSession
INFO: Attempting bi-dialect session, assuming Postel's Law holds true on the remote end
Dec 15, 2016 5:30:36 PM org.openqa.selenium.remote.ProtocolHandshake createSession
INFO: Detected dialect: OSS
]]></system-err>
  </testcase>
</testsuite>